[debug] [2020-12-28T14:05:38.243Z] ----------------------------------------------------------------------
[debug] [2020-12-28T14:05:38.259Z] Command:       C:\Program Files\nodejs\node.exe C:\Users\Abhishek Pandit\AppData\Roaming\npm\node_modules\firebase-tools\lib\bin\firebase.js emulators:start
[debug] [2020-12-28T14:05:38.260Z] CLI Version:   8.10.0
[debug] [2020-12-28T14:05:38.260Z] Platform:      win32
[debug] [2020-12-28T14:05:38.260Z] Node Version:  v14.8.0
[debug] [2020-12-28T14:05:38.372Z] Time:          Mon Dec 28 2020 19:35:38 GMT+0530 (India Standard Time)
[debug] [2020-12-28T14:05:38.372Z] ----------------------------------------------------------------------
[debug] [2020-12-28T14:05:38.372Z] 
[debug] [2020-12-28T14:05:38.616Z] > command requires scopes: ["email","openid","https://www.googleapis.com/auth/cloudplatformprojects.readonly","https://www.googleapis.com/auth/firebase","https://www.googleapis.com/auth/cloud-platform"]
[debug] [2020-12-28T14:05:38.617Z] > authorizing via signed-in user
[info] i  emulators: Starting emulators: functions, hosting {"metadata":{"emulator":{"name":"hub"},"message":"Starting emulators: functions, hosting"}}
[warn] !  emulators: It seems that you are running multiple instances of the emulator suite for project restro-e4874. This may result in unexpected behavior. 
[debug] [2020-12-28T14:05:40.741Z] [hub] writing locator at C:\Users\ABHISH~1\AppData\Local\Temp\hub-restro-e4874.json
[warn] !  functions: The following emulators are not running, calls to these services from the Functions emulator will affect production: firestore, database, pubsub {"metadata":{"emulator":{"name":"functions"},"message":"The following emulators are not running, calls to these services from the Functions emulator will affect production: \u001b[1mfirestore, database, pubsub\u001b[22m"}}
[warn] !  Your requested "node" version "10" doesn't match your global version "14" {"metadata":{"emulator":{"name":"functions"},"message":"Your requested \"node\" version \"10\" doesn't match your global version \"14\""}}
[debug] [2020-12-28T14:05:42.881Z] defaultcredentials: writing to file C:\Users\Abhishek Pandit\AppData\Roaming\firebase\ap8335235private_gmail_com_application_default_credentials.json
[debug] [2020-12-28T14:05:42.885Z] Setting GAC to C:\Users\Abhishek Pandit\AppData\Roaming\firebase\ap8335235private_gmail_com_application_default_credentials.json {"metadata":{"emulator":{"name":"functions"},"message":"Setting GAC to C:\\Users\\Abhishek Pandit\\AppData\\Roaming\\firebase\\ap8335235private_gmail_com_application_default_credentials.json"}}
[debug] [2020-12-28T14:05:44.909Z] > refreshing access token with scopes: ["email","https://www.googleapis.com/auth/cloud-platform","https://www.googleapis.com/auth/cloudplatformprojects.readonly","https://www.googleapis.com/auth/firebase","openid"]
[debug] [2020-12-28T14:05:44.910Z] >>> HTTP REQUEST POST https://www.googleapis.com/oauth2/v3/token  
 <request body omitted>
[debug] [2020-12-28T14:05:45.506Z] <<< HTTP RESPONSE 200 {"pragma":"no-cache","date":"Mon, 28 Dec 2020 14:05:40 GMT","cache-control":"no-cache, no-store, max-age=0, must-revalidate","expires":"Mon, 01 Jan 1990 00:00:00 GMT","content-type":"application/json; charset=utf-8","vary":"X-Origin, Referer, Origin,Accept-Encoding","server":"scaffolding on HTTPServer2","x-xss-protection":"0","x-frame-options":"SAMEORIGIN","x-content-type-options":"nosniff","alt-svc":"h3-29=\":443\"; ma=2592000,h3-T051=\":443\"; ma=2592000,h3-Q050=\":443\"; ma=2592000,h3-Q046=\":443\"; ma=2592000,h3-Q043=\":443\"; ma=2592000,quic=\":443\"; ma=2592000; v=\"46,43\"","accept-ranges":"none","transfer-encoding":"chunked"}
[debug] [2020-12-28T14:05:45.785Z] >>> HTTP REQUEST GET https://firebase.googleapis.com/v1beta1/projects/restro-e4874/webApps/-/config  
 
[debug] [2020-12-28T14:05:47.569Z] <<< HTTP RESPONSE 200 {"content-type":"application/json; charset=UTF-8","vary":"X-Origin, Referer, Origin,Accept-Encoding","date":"Mon, 28 Dec 2020 14:05:42 GMT","server":"ESF","cache-control":"private","x-xss-protection":"0","x-frame-options":"SAMEORIGIN","x-content-type-options":"nosniff","alt-svc":"h3-29=\":443\"; ma=2592000,h3-T051=\":443\"; ma=2592000,h3-Q050=\":443\"; ma=2592000,h3-Q046=\":443\"; ma=2592000,h3-Q043=\":443\"; ma=2592000,quic=\":443\"; ma=2592000; v=\"46,43\"","accept-ranges":"none","transfer-encoding":"chunked"}
[info] i  hosting: Serving hosting files from: build {"metadata":{"emulator":{"name":"hosting"},"message":"Serving hosting files from: \u001b[1mbuild\u001b[22m"}}
[info] +  hosting: Local server: http://localhost:5000 {"metadata":{"emulator":{"name":"hosting"},"message":"Local server: \u001b[4m\u001b[1mhttp://localhost:5000\u001b[22m\u001b[24m"}}
[debug] [2020-12-28T14:05:51.840Z] Ignoring unsupported arg: auto_download {"metadata":{"emulator":{"name":"ui"},"message":"Ignoring unsupported arg: auto_download"}}
[debug] [2020-12-28T14:05:51.840Z] Ignoring unsupported arg: port {"metadata":{"emulator":{"name":"ui"},"message":"Ignoring unsupported arg: port"}}
[debug] [2020-12-28T14:05:51.841Z] Starting Emulator UI with command {"binary":"node","args":["C:\\Users\\Abhishek Pandit\\.cache\\firebase\\emulators\\ui-v1.1.1\\server.bundle.js"],"optionalArgs":[],"joinArgs":false} {"metadata":{"emulator":{"name":"ui"},"message":"Starting Emulator UI with command {\"binary\":\"node\",\"args\":[\"C:\\\\Users\\\\Abhishek Pandit\\\\.cache\\\\firebase\\\\emulators\\\\ui-v1.1.1\\\\server.bundle.js\"],\"optionalArgs\":[],\"joinArgs\":false}"}}
[info] i  ui: Emulator UI logging to ui-debug.log {"metadata":{"emulator":{"name":"ui"},"message":"Emulator UI logging to \u001b[1mui-debug.log\u001b[22m"}}
[debug] [2020-12-28T14:05:53.649Z] Web / API server started at http://localhost:4000
 {"metadata":{"emulator":{"name":"ui"},"message":"Web / API server started at http://localhost:4000\n"}}
[info] i  functions: Watching "C:\Users\Abhishek Pandit\react-project\restro\functions" for Cloud Functions... {"metadata":{"emulator":{"name":"functions"},"message":"Watching \"C:\\Users\\Abhishek Pandit\\react-project\\restro\\functions\" for Cloud Functions..."}}
[debug] [2020-12-28T14:05:53.974Z] [worker-pool] addWorker(~diagnostic~) {"metadata":{"emulator":{"name":"functions"},"message":"[worker-pool] addWorker(~diagnostic~)"}}
[debug] [2020-12-28T14:05:53.974Z] [worker-pool] Adding worker with key ~diagnostic~, total=1 {"metadata":{"emulator":{"name":"functions"},"message":"[worker-pool] Adding worker with key ~diagnostic~, total=1"}}
[debug] [2020-12-28T14:05:53.974Z] [worker-pool] submitWork(triggerId=) {"metadata":{"emulator":{"name":"functions"},"message":"[worker-pool] submitWork(triggerId=)"}}
[debug] [2020-12-28T14:05:53.974Z] [worker-~diagnostic~-8bc420b8-f475-4028-b884-55d1372e064b]: Assigning socketPath: \\?\pipe\C:\Users\Abhishek Pandit\react-project\restro\functions\16188 {"metadata":{"emulator":{"name":"functions"},"message":"[worker-~diagnostic~-8bc420b8-f475-4028-b884-55d1372e064b]: Assigning socketPath: \\\\?\\pipe\\C:\\Users\\Abhishek Pandit\\react-project\\restro\\functions\\16188"}}
[debug] [2020-12-28T14:05:53.975Z] [worker-~diagnostic~-8bc420b8-f475-4028-b884-55d1372e064b]: BUSY {"metadata":{"emulator":{"name":"functions"},"message":"[worker-~diagnostic~-8bc420b8-f475-4028-b884-55d1372e064b]: BUSY"}}
[debug] [2020-12-28T14:05:54.417Z] [runtime-status] [16188] Functions runtime initialized. {"cwd":"C:\\Users\\Abhishek Pandit\\react-project\\restro\\functions","node_version":"14.8.0"} {"metadata":{"emulator":{"name":"functions"},"message":"[runtime-status] [16188] Functions runtime initialized. {\"cwd\":\"C:\\\\Users\\\\Abhishek Pandit\\\\react-project\\\\restro\\\\functions\",\"node_version\":\"14.8.0\"}"}}
[debug] [2020-12-28T14:05:54.420Z] [runtime-status] [16188] Disabled runtime features: undefined {"metadata":{"emulator":{"name":"functions"},"message":"[runtime-status] [16188] Disabled runtime features: undefined"}}
[debug] [2020-12-28T14:05:54.485Z] [runtime-status] [16188] Resolved module firebase-admin {"declared":true,"installed":true,"version":"8.13.0","resolution":"C:\\Users\\Abhishek Pandit\\react-project\\restro\\functions\\node_modules\\firebase-admin\\lib\\index.js"} {"metadata":{"emulator":{"name":"functions"},"message":"[runtime-status] [16188] Resolved module firebase-admin {\"declared\":true,\"installed\":true,\"version\":\"8.13.0\",\"resolution\":\"C:\\\\Users\\\\Abhishek Pandit\\\\react-project\\\\restro\\\\functions\\\\node_modules\\\\firebase-admin\\\\lib\\\\index.js\"}"}}
[debug] [2020-12-28T14:05:54.496Z] [runtime-status] [16188] Resolved module firebase-functions {"declared":true,"installed":true,"version":"3.11.0","resolution":"C:\\Users\\Abhishek Pandit\\react-project\\restro\\functions\\node_modules\\firebase-functions\\lib\\index.js"} {"metadata":{"emulator":{"name":"functions"},"message":"[runtime-status] [16188] Resolved module firebase-functions {\"declared\":true,\"installed\":true,\"version\":\"3.11.0\",\"resolution\":\"C:\\\\Users\\\\Abhishek Pandit\\\\react-project\\\\restro\\\\functions\\\\node_modules\\\\firebase-functions\\\\lib\\\\index.js\"}"}}
[debug] [2020-12-28T14:05:54.498Z] [runtime-status] [16188] Resolved module firebase-functions {"declared":true,"installed":true,"version":"3.11.0","resolution":"C:\\Users\\Abhishek Pandit\\react-project\\restro\\functions\\node_modules\\firebase-functions\\lib\\index.js"} {"metadata":{"emulator":{"name":"functions"},"message":"[runtime-status] [16188] Resolved module firebase-functions {\"declared\":true,\"installed\":true,\"version\":\"3.11.0\",\"resolution\":\"C:\\\\Users\\\\Abhishek Pandit\\\\react-project\\\\restro\\\\functions\\\\node_modules\\\\firebase-functions\\\\lib\\\\index.js\"}"}}
[debug] [2020-12-28T14:05:54.501Z] [runtime-status] [16188] Outgoing network have been stubbed. [{"name":"http","status":"mocked"},{"name":"http","status":"mocked"},{"name":"https","status":"mocked"},{"name":"https","status":"mocked"},{"name":"net","status":"mocked"}] {"metadata":{"emulator":{"name":"functions"},"message":"[runtime-status] [16188] Outgoing network have been stubbed. [{\"name\":\"http\",\"status\":\"mocked\"},{\"name\":\"http\",\"status\":\"mocked\"},{\"name\":\"https\",\"status\":\"mocked\"},{\"name\":\"https\",\"status\":\"mocked\"},{\"name\":\"net\",\"status\":\"mocked\"}]"}}
[debug] [2020-12-28T14:05:54.502Z] [runtime-status] [16188] Resolved module firebase-functions {"declared":true,"installed":true,"version":"3.11.0","resolution":"C:\\Users\\Abhishek Pandit\\react-project\\restro\\functions\\node_modules\\firebase-functions\\lib\\index.js"} {"metadata":{"emulator":{"name":"functions"},"message":"[runtime-status] [16188] Resolved module firebase-functions {\"declared\":true,\"installed\":true,\"version\":\"3.11.0\",\"resolution\":\"C:\\\\Users\\\\Abhishek Pandit\\\\react-project\\\\restro\\\\functions\\\\node_modules\\\\firebase-functions\\\\lib\\\\index.js\"}"}}
[debug] [2020-12-28T14:05:56.162Z] [runtime-status] [16188] Checked functions.config() {"config":{}} {"metadata":{"emulator":{"name":"functions"},"message":"[runtime-status] [16188] Checked functions.config() {\"config\":{}}"}}
[debug] [2020-12-28T14:05:56.162Z] [runtime-status] [16188] firebase-functions has been stubbed. {"functionsResolution":{"declared":true,"installed":true,"version":"3.11.0","resolution":"C:\\Users\\Abhishek Pandit\\react-project\\restro\\functions\\node_modules\\firebase-functions\\lib\\index.js"}} {"metadata":{"emulator":{"name":"functions"},"message":"[runtime-status] [16188] firebase-functions has been stubbed. {\"functionsResolution\":{\"declared\":true,\"installed\":true,\"version\":\"3.11.0\",\"resolution\":\"C:\\\\Users\\\\Abhishek Pandit\\\\react-project\\\\restro\\\\functions\\\\node_modules\\\\firebase-functions\\\\lib\\\\index.js\"}}"}}
[debug] [2020-12-28T14:05:56.163Z] [runtime-status] [16188] Resolved module firebase-functions {"declared":true,"installed":true,"version":"3.11.0","resolution":"C:\\Users\\Abhishek Pandit\\react-project\\restro\\functions\\node_modules\\firebase-functions\\lib\\index.js"} {"metadata":{"emulator":{"name":"functions"},"message":"[runtime-status] [16188] Resolved module firebase-functions {\"declared\":true,\"installed\":true,\"version\":\"3.11.0\",\"resolution\":\"C:\\\\Users\\\\Abhishek Pandit\\\\react-project\\\\restro\\\\functions\\\\node_modules\\\\firebase-functions\\\\lib\\\\index.js\"}"}}
[debug] [2020-12-28T14:05:56.164Z] [runtime-status] [16188] Resolved module firebase-admin {"declared":true,"installed":true,"version":"8.13.0","resolution":"C:\\Users\\Abhishek Pandit\\react-project\\restro\\functions\\node_modules\\firebase-admin\\lib\\index.js"} {"metadata":{"emulator":{"name":"functions"},"message":"[runtime-status] [16188] Resolved module firebase-admin {\"declared\":true,\"installed\":true,\"version\":\"8.13.0\",\"resolution\":\"C:\\\\Users\\\\Abhishek Pandit\\\\react-project\\\\restro\\\\functions\\\\node_modules\\\\firebase-admin\\\\lib\\\\index.js\"}"}}
[debug] [2020-12-28T14:05:56.164Z] [runtime-status] [16188] Resolved module firebase-functions {"declared":true,"installed":true,"version":"3.11.0","resolution":"C:\\Users\\Abhishek Pandit\\react-project\\restro\\functions\\node_modules\\firebase-functions\\lib\\index.js"} {"metadata":{"emulator":{"name":"functions"},"message":"[runtime-status] [16188] Resolved module firebase-functions {\"declared\":true,\"installed\":true,\"version\":\"3.11.0\",\"resolution\":\"C:\\\\Users\\\\Abhishek Pandit\\\\react-project\\\\restro\\\\functions\\\\node_modules\\\\firebase-functions\\\\lib\\\\index.js\"}"}}
[debug] [2020-12-28T14:05:56.164Z] [runtime-status] [16188] firebase-admin has been stubbed. {"adminResolution":{"declared":true,"installed":true,"version":"8.13.0","resolution":"C:\\Users\\Abhishek Pandit\\react-project\\restro\\functions\\node_modules\\firebase-admin\\lib\\index.js"}} {"metadata":{"emulator":{"name":"functions"},"message":"[runtime-status] [16188] firebase-admin has been stubbed. {\"adminResolution\":{\"declared\":true,\"installed\":true,\"version\":\"8.13.0\",\"resolution\":\"C:\\\\Users\\\\Abhishek Pandit\\\\react-project\\\\restro\\\\functions\\\\node_modules\\\\firebase-admin\\\\lib\\\\index.js\"}}"}}
[info] +  functions[api]: http function initialized (http://localhost:5001/restro-e4874/us-central1/api). {"metadata":{"emulator":{"name":"functions"},"message":"\u001b[1mhttp\u001b[22m function initialized (http://localhost:5001/restro-e4874/us-central1/api)."}}
[info] 
┌───────────────────────────────────────────────────────────────────────┐
│ ✔  All emulators ready! View status and logs at http://localhost:4000 │
└───────────────────────────────────────────────────────────────────────┘

┌───────────┬────────────────┬─────────────────────────────────┐
│ Emulator  │ Host:Port      │ View in Emulator UI             │
├───────────┼────────────────┼─────────────────────────────────┤
│ Functions │ localhost:5001 │ http://localhost:4000/functions │
├───────────┼────────────────┼─────────────────────────────────┤
│ Hosting   │ localhost:5000 │ n/a                             │
└───────────┴────────────────┴─────────────────────────────────┘
  Other reserved ports: 4400, 4500

Issues? Report them at https://github.com/firebase/firebase-tools/issues and attach the *-debug.log files.
 
[debug] [2020-12-28T14:06:06.760Z] [worker-~diagnostic~-8bc420b8-f475-4028-b884-55d1372e064b]: IDLE {"metadata":{"emulator":{"name":"functions"},"message":"[worker-~diagnostic~-8bc420b8-f475-4028-b884-55d1372e064b]: IDLE"}}
[debug] [2020-12-28T14:09:15.752Z] [work-queue] {"queueLength":1,"workRunningCount":0}
[debug] [2020-12-28T14:09:15.752Z] [work-queue] {"queueLength":0,"workRunningCount":1}
[debug] [2020-12-28T14:09:15.752Z] Accepted request POST /restro-e4874/us-central1/api/razorpay?total=560 --> api
[debug] [2020-12-28T14:09:15.759Z] [worker-pool] addWorker(api) {"metadata":{"emulator":{"name":"functions"},"message":"[worker-pool] addWorker(api)"}}
[debug] [2020-12-28T14:09:15.760Z] [worker-pool] Adding worker with key api, total=1 {"metadata":{"emulator":{"name":"functions"},"message":"[worker-pool] Adding worker with key api, total=1"}}
[debug] [2020-12-28T14:09:15.760Z] [worker-pool] submitWork(triggerId=api) {"metadata":{"emulator":{"name":"functions"},"message":"[worker-pool] submitWork(triggerId=api)"}}
[debug] [2020-12-28T14:09:15.761Z] [worker-api-12cd18d0-b95b-436e-9eea-170395dbe34c]: Assigning socketPath: \\?\pipe\C:\Users\Abhishek Pandit\react-project\restro\functions\10912 {"metadata":{"emulator":{"name":"functions"},"message":"[worker-api-12cd18d0-b95b-436e-9eea-170395dbe34c]: Assigning socketPath: \\\\?\\pipe\\C:\\Users\\Abhishek Pandit\\react-project\\restro\\functions\\10912"}}
[debug] [2020-12-28T14:09:15.761Z] [worker-api-12cd18d0-b95b-436e-9eea-170395dbe34c]: BUSY {"metadata":{"emulator":{"name":"functions"},"message":"[worker-api-12cd18d0-b95b-436e-9eea-170395dbe34c]: BUSY"}}
[debug] [2020-12-28T14:09:16.273Z] [runtime-status] [10912] Functions runtime initialized. {"cwd":"C:\\Users\\Abhishek Pandit\\react-project\\restro\\functions","node_version":"14.8.0"} {"metadata":{"emulator":{"name":"functions"},"function":{"name":"api"},"message":"[runtime-status] [10912] Functions runtime initialized. {\"cwd\":\"C:\\\\Users\\\\Abhishek Pandit\\\\react-project\\\\restro\\\\functions\",\"node_version\":\"14.8.0\"}"}}
[debug] [2020-12-28T14:09:16.276Z] [runtime-status] [10912] Disabled runtime features: undefined {"metadata":{"emulator":{"name":"functions"},"function":{"name":"api"},"message":"[runtime-status] [10912] Disabled runtime features: undefined"}}
[debug] [2020-12-28T14:09:16.279Z] [runtime-status] [10912] Resolved module firebase-admin {"declared":true,"installed":true,"version":"8.13.0","resolution":"C:\\Users\\Abhishek Pandit\\react-project\\restro\\functions\\node_modules\\firebase-admin\\lib\\index.js"} {"metadata":{"emulator":{"name":"functions"},"function":{"name":"api"},"message":"[runtime-status] [10912] Resolved module firebase-admin {\"declared\":true,\"installed\":true,\"version\":\"8.13.0\",\"resolution\":\"C:\\\\Users\\\\Abhishek Pandit\\\\react-project\\\\restro\\\\functions\\\\node_modules\\\\firebase-admin\\\\lib\\\\index.js\"}"}}
[debug] [2020-12-28T14:09:16.281Z] [runtime-status] [10912] Resolved module firebase-functions {"declared":true,"installed":true,"version":"3.11.0","resolution":"C:\\Users\\Abhishek Pandit\\react-project\\restro\\functions\\node_modules\\firebase-functions\\lib\\index.js"} {"metadata":{"emulator":{"name":"functions"},"function":{"name":"api"},"message":"[runtime-status] [10912] Resolved module firebase-functions {\"declared\":true,\"installed\":true,\"version\":\"3.11.0\",\"resolution\":\"C:\\\\Users\\\\Abhishek Pandit\\\\react-project\\\\restro\\\\functions\\\\node_modules\\\\firebase-functions\\\\lib\\\\index.js\"}"}}
[debug] [2020-12-28T14:09:16.282Z] [runtime-status] [10912] Resolved module firebase-functions {"declared":true,"installed":true,"version":"3.11.0","resolution":"C:\\Users\\Abhishek Pandit\\react-project\\restro\\functions\\node_modules\\firebase-functions\\lib\\index.js"} {"metadata":{"emulator":{"name":"functions"},"function":{"name":"api"},"message":"[runtime-status] [10912] Resolved module firebase-functions {\"declared\":true,\"installed\":true,\"version\":\"3.11.0\",\"resolution\":\"C:\\\\Users\\\\Abhishek Pandit\\\\react-project\\\\restro\\\\functions\\\\node_modules\\\\firebase-functions\\\\lib\\\\index.js\"}"}}
[debug] [2020-12-28T14:09:16.319Z] [runtime-status] [10912] Outgoing network have been stubbed. [{"name":"http","status":"mocked"},{"name":"http","status":"mocked"},{"name":"https","status":"mocked"},{"name":"https","status":"mocked"},{"name":"net","status":"mocked"}] {"metadata":{"emulator":{"name":"functions"},"function":{"name":"api"},"message":"[runtime-status] [10912] Outgoing network have been stubbed. [{\"name\":\"http\",\"status\":\"mocked\"},{\"name\":\"http\",\"status\":\"mocked\"},{\"name\":\"https\",\"status\":\"mocked\"},{\"name\":\"https\",\"status\":\"mocked\"},{\"name\":\"net\",\"status\":\"mocked\"}]"}}
[debug] [2020-12-28T14:09:16.320Z] [runtime-status] [10912] Resolved module firebase-functions {"declared":true,"installed":true,"version":"3.11.0","resolution":"C:\\Users\\Abhishek Pandit\\react-project\\restro\\functions\\node_modules\\firebase-functions\\lib\\index.js"} {"metadata":{"emulator":{"name":"functions"},"function":{"name":"api"},"message":"[runtime-status] [10912] Resolved module firebase-functions {\"declared\":true,\"installed\":true,\"version\":\"3.11.0\",\"resolution\":\"C:\\\\Users\\\\Abhishek Pandit\\\\react-project\\\\restro\\\\functions\\\\node_modules\\\\firebase-functions\\\\lib\\\\index.js\"}"}}
[debug] [2020-12-28T14:09:16.380Z] [runtime-status] [10912] Checked functions.config() {"config":{}} {"metadata":{"emulator":{"name":"functions"},"function":{"name":"api"},"message":"[runtime-status] [10912] Checked functions.config() {\"config\":{}}"}}
[debug] [2020-12-28T14:09:16.380Z] [runtime-status] [10912] firebase-functions has been stubbed. {"functionsResolution":{"declared":true,"installed":true,"version":"3.11.0","resolution":"C:\\Users\\Abhishek Pandit\\react-project\\restro\\functions\\node_modules\\firebase-functions\\lib\\index.js"}} {"metadata":{"emulator":{"name":"functions"},"function":{"name":"api"},"message":"[runtime-status] [10912] firebase-functions has been stubbed. {\"functionsResolution\":{\"declared\":true,\"installed\":true,\"version\":\"3.11.0\",\"resolution\":\"C:\\\\Users\\\\Abhishek Pandit\\\\react-project\\\\restro\\\\functions\\\\node_modules\\\\firebase-functions\\\\lib\\\\index.js\"}}"}}
[debug] [2020-12-28T14:09:16.380Z] [runtime-status] [10912] Resolved module firebase-functions {"declared":true,"installed":true,"version":"3.11.0","resolution":"C:\\Users\\Abhishek Pandit\\react-project\\restro\\functions\\node_modules\\firebase-functions\\lib\\index.js"} {"metadata":{"emulator":{"name":"functions"},"function":{"name":"api"},"message":"[runtime-status] [10912] Resolved module firebase-functions {\"declared\":true,\"installed\":true,\"version\":\"3.11.0\",\"resolution\":\"C:\\\\Users\\\\Abhishek Pandit\\\\react-project\\\\restro\\\\functions\\\\node_modules\\\\firebase-functions\\\\lib\\\\index.js\"}"}}
[debug] [2020-12-28T14:09:16.381Z] [runtime-status] [10912] Resolved module firebase-admin {"declared":true,"installed":true,"version":"8.13.0","resolution":"C:\\Users\\Abhishek Pandit\\react-project\\restro\\functions\\node_modules\\firebase-admin\\lib\\index.js"} {"metadata":{"emulator":{"name":"functions"},"function":{"name":"api"},"message":"[runtime-status] [10912] Resolved module firebase-admin {\"declared\":true,\"installed\":true,\"version\":\"8.13.0\",\"resolution\":\"C:\\\\Users\\\\Abhishek Pandit\\\\react-project\\\\restro\\\\functions\\\\node_modules\\\\firebase-admin\\\\lib\\\\index.js\"}"}}
[debug] [2020-12-28T14:09:16.382Z] [runtime-status] [10912] Resolved module firebase-functions {"declared":true,"installed":true,"version":"3.11.0","resolution":"C:\\Users\\Abhishek Pandit\\react-project\\restro\\functions\\node_modules\\firebase-functions\\lib\\index.js"} {"metadata":{"emulator":{"name":"functions"},"function":{"name":"api"},"message":"[runtime-status] [10912] Resolved module firebase-functions {\"declared\":true,\"installed\":true,\"version\":\"3.11.0\",\"resolution\":\"C:\\\\Users\\\\Abhishek Pandit\\\\react-project\\\\restro\\\\functions\\\\node_modules\\\\firebase-functions\\\\lib\\\\index.js\"}"}}
[debug] [2020-12-28T14:09:16.382Z] [runtime-status] [10912] firebase-admin has been stubbed. {"adminResolution":{"declared":true,"installed":true,"version":"8.13.0","resolution":"C:\\Users\\Abhishek Pandit\\react-project\\restro\\functions\\node_modules\\firebase-admin\\lib\\index.js"}} {"metadata":{"emulator":{"name":"functions"},"function":{"name":"api"},"message":"[runtime-status] [10912] firebase-admin has been stubbed. {\"adminResolution\":{\"declared\":true,\"installed\":true,\"version\":\"8.13.0\",\"resolution\":\"C:\\\\Users\\\\Abhishek Pandit\\\\react-project\\\\restro\\\\functions\\\\node_modules\\\\firebase-admin\\\\lib\\\\index.js\"}}"}}
[debug] [2020-12-28T14:09:17.037Z] [runtime-status] [10912] Trigger "api" has been found, beginning invocation! {"metadata":{"emulator":{"name":"functions"},"function":{"name":"api"},"message":"[runtime-status] [10912] Trigger \"api\" has been found, beginning invocation!"}}
[info] i  functions: Beginning execution of "api" {"metadata":{"emulator":{"name":"functions"},"function":{"name":"api"},"message":"Beginning execution of \"api\""}}
[debug] [2020-12-28T14:09:17.039Z] [runtime-status] [10912] triggerDefinition {"httpsTrigger":{},"name":"api","entryPoint":"api"} {"metadata":{"emulator":{"name":"functions"},"function":{"name":"api"},"message":"[runtime-status] [10912] triggerDefinition {\"httpsTrigger\":{},\"name\":\"api\",\"entryPoint\":\"api\"}"}}
[debug] [2020-12-28T14:09:17.039Z] [runtime-status] [10912] Running api in mode HTTPS {"metadata":{"emulator":{"name":"functions"},"function":{"name":"api"},"message":"[runtime-status] [10912] Running api in mode HTTPS"}}
[debug] [2020-12-28T14:09:17.045Z] [runtime-status] [10912] Attempting to listen to socketPath: \\?\pipe\C:\Users\Abhishek Pandit\react-project\restro\functions\10912 {"metadata":{"emulator":{"name":"functions"},"function":{"name":"api"},"message":"[runtime-status] [10912] Attempting to listen to socketPath: \\\\?\\pipe\\C:\\Users\\Abhishek Pandit\\react-project\\restro\\functions\\10912"}}
[debug] [2020-12-28T14:09:17.047Z] [functions] Runtime ready! Sending request! {"metadata":{"emulator":{"name":"functions"},"message":"[functions] Runtime ready! Sending request!"}}
[debug] [2020-12-28T14:09:17.053Z] [runtime-status] [10912] Ephemeral server handling POST request {"metadata":{"emulator":{"name":"functions"},"function":{"name":"api"},"message":"[runtime-status] [10912] Ephemeral server handling POST request"}}
[debug] [2020-12-28T14:09:17.087Z] [runtime-status] [10912] Ephemeral server survived. {"metadata":{"emulator":{"name":"functions"},"function":{"name":"api"},"message":"[runtime-status] [10912] Ephemeral server survived."}}
[warn] !  External network resource requested!
   - URL: "https://api.razorpay.com/v1/orders"
 - Be careful, this may be a production service. {"metadata":{"emulator":{"name":"functions"},"function":{"name":"api"},"message":"External network resource requested!\n   - URL: \"https://api.razorpay.com/v1/orders\"\n - Be careful, this may be a production service."}}
[info] >  { {"user":"{","metadata":{"emulator":{"name":"functions"},"function":{"name":"api"},"message":"\u001b[90m> \u001b[39m {"}}
[info] >    id: 'order_GIUHYea8mtPv13', {"user":"  id: 'order_GIUHYea8mtPv13',","metadata":{"emulator":{"name":"functions"},"function":{"name":"api"},"message":"\u001b[90m> \u001b[39m   id: 'order_GIUHYea8mtPv13',"}}
[info] >    entity: 'order', {"user":"  entity: 'order',","metadata":{"emulator":{"name":"functions"},"function":{"name":"api"},"message":"\u001b[90m> \u001b[39m   entity: 'order',"}}
[info] >    amount: 56000, {"user":"  amount: 56000,","metadata":{"emulator":{"name":"functions"},"function":{"name":"api"},"message":"\u001b[90m> \u001b[39m   amount: 56000,"}}
[info] >    amount_paid: 0, {"user":"  amount_paid: 0,","metadata":{"emulator":{"name":"functions"},"function":{"name":"api"},"message":"\u001b[90m> \u001b[39m   amount_paid: 0,"}}
[info] >    amount_due: 56000, {"user":"  amount_due: 56000,","metadata":{"emulator":{"name":"functions"},"function":{"name":"api"},"message":"\u001b[90m> \u001b[39m   amount_due: 56000,"}}
[info] >    currency: 'INR', {"user":"  currency: 'INR',","metadata":{"emulator":{"name":"functions"},"function":{"name":"api"},"message":"\u001b[90m> \u001b[39m   currency: 'INR',"}}
[info] >    receipt: 'X5jPmURsG', {"user":"  receipt: 'X5jPmURsG',","metadata":{"emulator":{"name":"functions"},"function":{"name":"api"},"message":"\u001b[90m> \u001b[39m   receipt: 'X5jPmURsG',"}}
[info] >    offer_id: null, {"user":"  offer_id: null,","metadata":{"emulator":{"name":"functions"},"function":{"name":"api"},"message":"\u001b[90m> \u001b[39m   offer_id: null,"}}
[info] >    status: 'created', {"user":"  status: 'created',","metadata":{"emulator":{"name":"functions"},"function":{"name":"api"},"message":"\u001b[90m> \u001b[39m   status: 'created',"}}
[info] >    attempts: 0, {"user":"  attempts: 0,","metadata":{"emulator":{"name":"functions"},"function":{"name":"api"},"message":"\u001b[90m> \u001b[39m   attempts: 0,"}}
[info] >    notes: [], {"user":"  notes: [],","metadata":{"emulator":{"name":"functions"},"function":{"name":"api"},"message":"\u001b[90m> \u001b[39m   notes: [],"}}
[info] >    created_at: 1609164552 {"user":"  created_at: 1609164552","metadata":{"emulator":{"name":"functions"},"function":{"name":"api"},"message":"\u001b[90m> \u001b[39m   created_at: 1609164552"}}
[info] >  } {"user":"}","metadata":{"emulator":{"name":"functions"},"function":{"name":"api"},"message":"\u001b[90m> \u001b[39m }"}}
[info] i  functions: Finished "api" in ~1s {"metadata":{"emulator":{"name":"functions"},"function":{"name":"api"},"message":"Finished \"api\" in ~1s"}}
[debug] [2020-12-28T14:09:17.854Z] [worker-api-12cd18d0-b95b-436e-9eea-170395dbe34c]: IDLE {"metadata":{"emulator":{"name":"functions"},"message":"[worker-api-12cd18d0-b95b-436e-9eea-170395dbe34c]: IDLE"}}
[debug] [2020-12-28T14:09:17.855Z] [work-queue] {"queueLength":0,"workRunningCount":0}
[debug] [2020-12-28T14:13:13.007Z] [work-queue] {"queueLength":1,"workRunningCount":0}
[debug] [2020-12-28T14:13:13.007Z] [work-queue] {"queueLength":0,"workRunningCount":1}
[debug] [2020-12-28T14:13:13.007Z] Accepted request POST /restro-e4874/us-central1/api/razorpay?total=0 --> api
[debug] [2020-12-28T14:13:13.007Z] [worker-pool] submitWork(triggerId=api) {"metadata":{"emulator":{"name":"functions"},"message":"[worker-pool] submitWork(triggerId=api)"}}
[debug] [2020-12-28T14:13:13.007Z] [worker-api-12cd18d0-b95b-436e-9eea-170395dbe34c]: Assigning socketPath: \\?\pipe\C:\Users\Abhishek Pandit\react-project\restro\functions\10912 {"metadata":{"emulator":{"name":"functions"},"message":"[worker-api-12cd18d0-b95b-436e-9eea-170395dbe34c]: Assigning socketPath: \\\\?\\pipe\\C:\\Users\\Abhishek Pandit\\react-project\\restro\\functions\\10912"}}
[debug] [2020-12-28T14:13:13.008Z] [worker-api-12cd18d0-b95b-436e-9eea-170395dbe34c]: BUSY {"metadata":{"emulator":{"name":"functions"},"message":"[worker-api-12cd18d0-b95b-436e-9eea-170395dbe34c]: BUSY"}}
[debug] [2020-12-28T14:13:13.008Z] [runtime-status] [10912] Trigger "api" has been found, beginning invocation! {"metadata":{"emulator":{"name":"functions"},"function":{"name":"api"},"message":"[runtime-status] [10912] Trigger \"api\" has been found, beginning invocation!"}}
[info] i  functions: Beginning execution of "api" {"metadata":{"emulator":{"name":"functions"},"function":{"name":"api"},"message":"Beginning execution of \"api\""}}
[debug] [2020-12-28T14:13:13.010Z] [runtime-status] [10912] triggerDefinition {"httpsTrigger":{},"name":"api","entryPoint":"api"} {"metadata":{"emulator":{"name":"functions"},"function":{"name":"api"},"message":"[runtime-status] [10912] triggerDefinition {\"httpsTrigger\":{},\"name\":\"api\",\"entryPoint\":\"api\"}"}}
[debug] [2020-12-28T14:13:13.010Z] [runtime-status] [10912] Running api in mode HTTPS {"metadata":{"emulator":{"name":"functions"},"function":{"name":"api"},"message":"[runtime-status] [10912] Running api in mode HTTPS"}}
[debug] [2020-12-28T14:13:13.011Z] [runtime-status] [10912] Attempting to listen to socketPath: \\?\pipe\C:\Users\Abhishek Pandit\react-project\restro\functions\10912 {"metadata":{"emulator":{"name":"functions"},"function":{"name":"api"},"message":"[runtime-status] [10912] Attempting to listen to socketPath: \\\\?\\pipe\\C:\\Users\\Abhishek Pandit\\react-project\\restro\\functions\\10912"}}
[debug] [2020-12-28T14:13:13.013Z] [functions] Runtime ready! Sending request! {"metadata":{"emulator":{"name":"functions"},"message":"[functions] Runtime ready! Sending request!"}}
[debug] [2020-12-28T14:13:13.021Z] [runtime-status] [10912] Ephemeral server handling POST request {"metadata":{"emulator":{"name":"functions"},"function":{"name":"api"},"message":"[runtime-status] [10912] Ephemeral server handling POST request"}}
[info] >  Error: `amount` is mandatory {"user":"Error: `amount` is mandatory","metadata":{"emulator":{"name":"functions"},"function":{"name":"api"},"message":"\u001b[90m> \u001b[39m Error: `amount` is mandatory"}}
[info] >      at Object.create (C:\Users\Abhishek Pandit\react-project\restro\functions\node_modules\razorpay\dist\resources\orders.js:73:15) {"user":"    at Object.create (C:\\Users\\Abhishek Pandit\\react-project\\restro\\functions\\node_modules\\razorpay\\dist\\resources\\orders.js:73:15)","metadata":{"emulator":{"name":"functions"},"function":{"name":"api"},"message":"\u001b[90m> \u001b[39m     at Object.create (C:\\Users\\Abhishek Pandit\\react-project\\restro\\functions\\node_modules\\razorpay\\dist\\resources\\orders.js:73:15)"}}
[info] >      at C:\Users\Abhishek Pandit\react-project\restro\functions\index.js:55:42 {"user":"    at C:\\Users\\Abhishek Pandit\\react-project\\restro\\functions\\index.js:55:42","metadata":{"emulator":{"name":"functions"},"function":{"name":"api"},"message":"\u001b[90m> \u001b[39m     at C:\\Users\\Abhishek Pandit\\react-project\\restro\\functions\\index.js:55:42"}}
[info] >      at Layer.handle [as handle_request] (C:\Users\Abhishek Pandit\react-project\restro\functions\node_modules\express\lib\router\layer.js:95:5) {"user":"    at Layer.handle [as handle_request] (C:\\Users\\Abhishek Pandit\\react-project\\restro\\functions\\node_modules\\express\\lib\\router\\layer.js:95:5)","metadata":{"emulator":{"name":"functions"},"function":{"name":"api"},"message":"\u001b[90m> \u001b[39m     at Layer.handle [as handle_request] (C:\\Users\\Abhishek Pandit\\react-project\\restro\\functions\\node_modules\\express\\lib\\router\\layer.js:95:5)"}}
[info] >      at next (C:\Users\Abhishek Pandit\react-project\restro\functions\node_modules\express\lib\router\route.js:137:13) {"user":"    at next (C:\\Users\\Abhishek Pandit\\react-project\\restro\\functions\\node_modules\\express\\lib\\router\\route.js:137:13)","metadata":{"emulator":{"name":"functions"},"function":{"name":"api"},"message":"\u001b[90m> \u001b[39m     at next (C:\\Users\\Abhishek Pandit\\react-project\\restro\\functions\\node_modules\\express\\lib\\router\\route.js:137:13)"}}
[info] >      at Route.dispatch (C:\Users\Abhishek Pandit\react-project\restro\functions\node_modules\express\lib\router\route.js:112:3) {"user":"    at Route.dispatch (C:\\Users\\Abhishek Pandit\\react-project\\restro\\functions\\node_modules\\express\\lib\\router\\route.js:112:3)","metadata":{"emulator":{"name":"functions"},"function":{"name":"api"},"message":"\u001b[90m> \u001b[39m     at Route.dispatch (C:\\Users\\Abhishek Pandit\\react-project\\restro\\functions\\node_modules\\express\\lib\\router\\route.js:112:3)"}}
[info] >      at Layer.handle [as handle_request] (C:\Users\Abhishek Pandit\react-project\restro\functions\node_modules\express\lib\router\layer.js:95:5) {"user":"    at Layer.handle [as handle_request] (C:\\Users\\Abhishek Pandit\\react-project\\restro\\functions\\node_modules\\express\\lib\\router\\layer.js:95:5)","metadata":{"emulator":{"name":"functions"},"function":{"name":"api"},"message":"\u001b[90m> \u001b[39m     at Layer.handle [as handle_request] (C:\\Users\\Abhishek Pandit\\react-project\\restro\\functions\\node_modules\\express\\lib\\router\\layer.js:95:5)"}}
[info] >      at C:\Users\Abhishek Pandit\react-project\restro\functions\node_modules\express\lib\router\index.js:281:22 {"user":"    at C:\\Users\\Abhishek Pandit\\react-project\\restro\\functions\\node_modules\\express\\lib\\router\\index.js:281:22","metadata":{"emulator":{"name":"functions"},"function":{"name":"api"},"message":"\u001b[90m> \u001b[39m     at C:\\Users\\Abhishek Pandit\\react-project\\restro\\functions\\node_modules\\express\\lib\\router\\index.js:281:22"}}
[info] >      at Function.process_params (C:\Users\Abhishek Pandit\react-project\restro\functions\node_modules\express\lib\router\index.js:335:12) {"user":"    at Function.process_params (C:\\Users\\Abhishek Pandit\\react-project\\restro\\functions\\node_modules\\express\\lib\\router\\index.js:335:12)","metadata":{"emulator":{"name":"functions"},"function":{"name":"api"},"message":"\u001b[90m> \u001b[39m     at Function.process_params (C:\\Users\\Abhishek Pandit\\react-project\\restro\\functions\\node_modules\\express\\lib\\router\\index.js:335:12)"}}
[info] >      at next (C:\Users\Abhishek Pandit\react-project\restro\functions\node_modules\express\lib\router\index.js:275:10) {"user":"    at next (C:\\Users\\Abhishek Pandit\\react-project\\restro\\functions\\node_modules\\express\\lib\\router\\index.js:275:10)","metadata":{"emulator":{"name":"functions"},"function":{"name":"api"},"message":"\u001b[90m> \u001b[39m     at next (C:\\Users\\Abhishek Pandit\\react-project\\restro\\functions\\node_modules\\express\\lib\\router\\index.js:275:10)"}}
[info] >      at jsonParser (C:\Users\Abhishek Pandit\react-project\restro\functions\node_modules\body-parser\lib\types\json.js:119:7) {"user":"    at jsonParser (C:\\Users\\Abhishek Pandit\\react-project\\restro\\functions\\node_modules\\body-parser\\lib\\types\\json.js:119:7)","metadata":{"emulator":{"name":"functions"},"function":{"name":"api"},"message":"\u001b[90m> \u001b[39m     at jsonParser (C:\\Users\\Abhishek Pandit\\react-project\\restro\\functions\\node_modules\\body-parser\\lib\\types\\json.js:119:7)"}}
[info] >      at Layer.handle [as handle_request] (C:\Users\Abhishek Pandit\react-project\restro\functions\node_modules\express\lib\router\layer.js:95:5) {"user":"    at Layer.handle [as handle_request] (C:\\Users\\Abhishek Pandit\\react-project\\restro\\functions\\node_modules\\express\\lib\\router\\layer.js:95:5)","metadata":{"emulator":{"name":"functions"},"function":{"name":"api"},"message":"\u001b[90m> \u001b[39m     at Layer.handle [as handle_request] (C:\\Users\\Abhishek Pandit\\react-project\\restro\\functions\\node_modules\\express\\lib\\router\\layer.js:95:5)"}}
[info] >      at trim_prefix (C:\Users\Abhishek Pandit\react-project\restro\functions\node_modules\express\lib\router\index.js:317:13) {"user":"    at trim_prefix (C:\\Users\\Abhishek Pandit\\react-project\\restro\\functions\\node_modules\\express\\lib\\router\\index.js:317:13)","metadata":{"emulator":{"name":"functions"},"function":{"name":"api"},"message":"\u001b[90m> \u001b[39m     at trim_prefix (C:\\Users\\Abhishek Pandit\\react-project\\restro\\functions\\node_modules\\express\\lib\\router\\index.js:317:13)"}}
[info] >      at C:\Users\Abhishek Pandit\react-project\restro\functions\node_modules\express\lib\router\index.js:284:7 {"user":"    at C:\\Users\\Abhishek Pandit\\react-project\\restro\\functions\\node_modules\\express\\lib\\router\\index.js:284:7","metadata":{"emulator":{"name":"functions"},"function":{"name":"api"},"message":"\u001b[90m> \u001b[39m     at C:\\Users\\Abhishek Pandit\\react-project\\restro\\functions\\node_modules\\express\\lib\\router\\index.js:284:7"}}
[info] >      at Function.process_params (C:\Users\Abhishek Pandit\react-project\restro\functions\node_modules\express\lib\router\index.js:335:12) {"user":"    at Function.process_params (C:\\Users\\Abhishek Pandit\\react-project\\restro\\functions\\node_modules\\express\\lib\\router\\index.js:335:12)","metadata":{"emulator":{"name":"functions"},"function":{"name":"api"},"message":"\u001b[90m> \u001b[39m     at Function.process_params (C:\\Users\\Abhishek Pandit\\react-project\\restro\\functions\\node_modules\\express\\lib\\router\\index.js:335:12)"}}
[info] >      at next (C:\Users\Abhishek Pandit\react-project\restro\functions\node_modules\express\lib\router\index.js:275:10) {"user":"    at next (C:\\Users\\Abhishek Pandit\\react-project\\restro\\functions\\node_modules\\express\\lib\\router\\index.js:275:10)","metadata":{"emulator":{"name":"functions"},"function":{"name":"api"},"message":"\u001b[90m> \u001b[39m     at next (C:\\Users\\Abhishek Pandit\\react-project\\restro\\functions\\node_modules\\express\\lib\\router\\index.js:275:10)"}}
[info] >      at cors (C:\Users\Abhishek Pandit\react-project\restro\functions\node_modules\cors\lib\index.js:188:7) {"user":"    at cors (C:\\Users\\Abhishek Pandit\\react-project\\restro\\functions\\node_modules\\cors\\lib\\index.js:188:7)","metadata":{"emulator":{"name":"functions"},"function":{"name":"api"},"message":"\u001b[90m> \u001b[39m     at cors (C:\\Users\\Abhishek Pandit\\react-project\\restro\\functions\\node_modules\\cors\\lib\\index.js:188:7)"}}
[info] >      at C:\Users\Abhishek Pandit\react-project\restro\functions\node_modules\cors\lib\index.js:224:17 {"user":"    at C:\\Users\\Abhishek Pandit\\react-project\\restro\\functions\\node_modules\\cors\\lib\\index.js:224:17","metadata":{"emulator":{"name":"functions"},"function":{"name":"api"},"message":"\u001b[90m> \u001b[39m     at C:\\Users\\Abhishek Pandit\\react-project\\restro\\functions\\node_modules\\cors\\lib\\index.js:224:17"}}
[info] >      at originCallback (C:\Users\Abhishek Pandit\react-project\restro\functions\node_modules\cors\lib\index.js:214:15) {"user":"    at originCallback (C:\\Users\\Abhishek Pandit\\react-project\\restro\\functions\\node_modules\\cors\\lib\\index.js:214:15)","metadata":{"emulator":{"name":"functions"},"function":{"name":"api"},"message":"\u001b[90m> \u001b[39m     at originCallback (C:\\Users\\Abhishek Pandit\\react-project\\restro\\functions\\node_modules\\cors\\lib\\index.js:214:15)"}}
[info] >      at C:\Users\Abhishek Pandit\react-project\restro\functions\node_modules\cors\lib\index.js:219:13 {"user":"    at C:\\Users\\Abhishek Pandit\\react-project\\restro\\functions\\node_modules\\cors\\lib\\index.js:219:13","metadata":{"emulator":{"name":"functions"},"function":{"name":"api"},"message":"\u001b[90m> \u001b[39m     at C:\\Users\\Abhishek Pandit\\react-project\\restro\\functions\\node_modules\\cors\\lib\\index.js:219:13"}}
[info] >      at optionsCallback (C:\Users\Abhishek Pandit\react-project\restro\functions\node_modules\cors\lib\index.js:199:9) {"user":"    at optionsCallback (C:\\Users\\Abhishek Pandit\\react-project\\restro\\functions\\node_modules\\cors\\lib\\index.js:199:9)","metadata":{"emulator":{"name":"functions"},"function":{"name":"api"},"message":"\u001b[90m> \u001b[39m     at optionsCallback (C:\\Users\\Abhishek Pandit\\react-project\\restro\\functions\\node_modules\\cors\\lib\\index.js:199:9)"}}
[info] >      at corsMiddleware (C:\Users\Abhishek Pandit\react-project\restro\functions\node_modules\cors\lib\index.js:204:7) {"user":"    at corsMiddleware (C:\\Users\\Abhishek Pandit\\react-project\\restro\\functions\\node_modules\\cors\\lib\\index.js:204:7)","metadata":{"emulator":{"name":"functions"},"function":{"name":"api"},"message":"\u001b[90m> \u001b[39m     at corsMiddleware (C:\\Users\\Abhishek Pandit\\react-project\\restro\\functions\\node_modules\\cors\\lib\\index.js:204:7)"}}
[info] >      at Layer.handle [as handle_request] (C:\Users\Abhishek Pandit\react-project\restro\functions\node_modules\express\lib\router\layer.js:95:5) {"user":"    at Layer.handle [as handle_request] (C:\\Users\\Abhishek Pandit\\react-project\\restro\\functions\\node_modules\\express\\lib\\router\\layer.js:95:5)","metadata":{"emulator":{"name":"functions"},"function":{"name":"api"},"message":"\u001b[90m> \u001b[39m     at Layer.handle [as handle_request] (C:\\Users\\Abhishek Pandit\\react-project\\restro\\functions\\node_modules\\express\\lib\\router\\layer.js:95:5)"}}
[debug] [2020-12-28T14:13:13.192Z] [runtime-status] [10912] Ephemeral server survived. {"metadata":{"emulator":{"name":"functions"},"function":{"name":"api"},"message":"[runtime-status] [10912] Ephemeral server survived."}}
[debug] [2020-12-28T14:13:30.389Z] [work-queue] {"queueLength":1,"workRunningCount":1}
[debug] [2020-12-28T14:13:30.389Z] [work-queue] {"queueLength":0,"workRunningCount":2}
[debug] [2020-12-28T14:13:30.389Z] Accepted request POST /restro-e4874/us-central1/api/razorpay?total=560 --> api
[debug] [2020-12-28T14:13:30.398Z] [worker-pool] addWorker(api) {"metadata":{"emulator":{"name":"functions"},"message":"[worker-pool] addWorker(api)"}}
[debug] [2020-12-28T14:13:30.398Z] [worker-pool] Adding worker with key api, total=2 {"metadata":{"emulator":{"name":"functions"},"message":"[worker-pool] Adding worker with key api, total=2"}}
[debug] [2020-12-28T14:13:30.399Z] [worker-pool] submitWork(triggerId=api) {"metadata":{"emulator":{"name":"functions"},"message":"[worker-pool] submitWork(triggerId=api)"}}
[debug] [2020-12-28T14:13:30.399Z] [worker-api-6e8e42b9-2d7d-4491-b486-0ac8bd745303]: Assigning socketPath: \\?\pipe\C:\Users\Abhishek Pandit\react-project\restro\functions\15844 {"metadata":{"emulator":{"name":"functions"},"message":"[worker-api-6e8e42b9-2d7d-4491-b486-0ac8bd745303]: Assigning socketPath: \\\\?\\pipe\\C:\\Users\\Abhishek Pandit\\react-project\\restro\\functions\\15844"}}
[debug] [2020-12-28T14:13:30.399Z] [worker-api-6e8e42b9-2d7d-4491-b486-0ac8bd745303]: BUSY {"metadata":{"emulator":{"name":"functions"},"message":"[worker-api-6e8e42b9-2d7d-4491-b486-0ac8bd745303]: BUSY"}}
[debug] [2020-12-28T14:13:30.999Z] [runtime-status] [15844] Functions runtime initialized. {"cwd":"C:\\Users\\Abhishek Pandit\\react-project\\restro\\functions","node_version":"14.8.0"} {"metadata":{"emulator":{"name":"functions"},"function":{"name":"api"},"message":"[runtime-status] [15844] Functions runtime initialized. {\"cwd\":\"C:\\\\Users\\\\Abhishek Pandit\\\\react-project\\\\restro\\\\functions\",\"node_version\":\"14.8.0\"}"}}
[debug] [2020-12-28T14:13:31.001Z] [runtime-status] [15844] Disabled runtime features: undefined {"metadata":{"emulator":{"name":"functions"},"function":{"name":"api"},"message":"[runtime-status] [15844] Disabled runtime features: undefined"}}
[debug] [2020-12-28T14:13:31.007Z] [runtime-status] [15844] Resolved module firebase-admin {"declared":true,"installed":true,"version":"8.13.0","resolution":"C:\\Users\\Abhishek Pandit\\react-project\\restro\\functions\\node_modules\\firebase-admin\\lib\\index.js"} {"metadata":{"emulator":{"name":"functions"},"function":{"name":"api"},"message":"[runtime-status] [15844] Resolved module firebase-admin {\"declared\":true,\"installed\":true,\"version\":\"8.13.0\",\"resolution\":\"C:\\\\Users\\\\Abhishek Pandit\\\\react-project\\\\restro\\\\functions\\\\node_modules\\\\firebase-admin\\\\lib\\\\index.js\"}"}}
[debug] [2020-12-28T14:13:31.010Z] [runtime-status] [15844] Resolved module firebase-functions {"declared":true,"installed":true,"version":"3.11.0","resolution":"C:\\Users\\Abhishek Pandit\\react-project\\restro\\functions\\node_modules\\firebase-functions\\lib\\index.js"} {"metadata":{"emulator":{"name":"functions"},"function":{"name":"api"},"message":"[runtime-status] [15844] Resolved module firebase-functions {\"declared\":true,\"installed\":true,\"version\":\"3.11.0\",\"resolution\":\"C:\\\\Users\\\\Abhishek Pandit\\\\react-project\\\\restro\\\\functions\\\\node_modules\\\\firebase-functions\\\\lib\\\\index.js\"}"}}
[debug] [2020-12-28T14:13:31.012Z] [runtime-status] [15844] Resolved module firebase-functions {"declared":true,"installed":true,"version":"3.11.0","resolution":"C:\\Users\\Abhishek Pandit\\react-project\\restro\\functions\\node_modules\\firebase-functions\\lib\\index.js"} {"metadata":{"emulator":{"name":"functions"},"function":{"name":"api"},"message":"[runtime-status] [15844] Resolved module firebase-functions {\"declared\":true,\"installed\":true,\"version\":\"3.11.0\",\"resolution\":\"C:\\\\Users\\\\Abhishek Pandit\\\\react-project\\\\restro\\\\functions\\\\node_modules\\\\firebase-functions\\\\lib\\\\index.js\"}"}}
[debug] [2020-12-28T14:13:31.013Z] [runtime-status] [15844] Outgoing network have been stubbed. [{"name":"http","status":"mocked"},{"name":"http","status":"mocked"},{"name":"https","status":"mocked"},{"name":"https","status":"mocked"},{"name":"net","status":"mocked"}] {"metadata":{"emulator":{"name":"functions"},"function":{"name":"api"},"message":"[runtime-status] [15844] Outgoing network have been stubbed. [{\"name\":\"http\",\"status\":\"mocked\"},{\"name\":\"http\",\"status\":\"mocked\"},{\"name\":\"https\",\"status\":\"mocked\"},{\"name\":\"https\",\"status\":\"mocked\"},{\"name\":\"net\",\"status\":\"mocked\"}]"}}
[debug] [2020-12-28T14:13:31.014Z] [runtime-status] [15844] Resolved module firebase-functions {"declared":true,"installed":true,"version":"3.11.0","resolution":"C:\\Users\\Abhishek Pandit\\react-project\\restro\\functions\\node_modules\\firebase-functions\\lib\\index.js"} {"metadata":{"emulator":{"name":"functions"},"function":{"name":"api"},"message":"[runtime-status] [15844] Resolved module firebase-functions {\"declared\":true,\"installed\":true,\"version\":\"3.11.0\",\"resolution\":\"C:\\\\Users\\\\Abhishek Pandit\\\\react-project\\\\restro\\\\functions\\\\node_modules\\\\firebase-functions\\\\lib\\\\index.js\"}"}}
[debug] [2020-12-28T14:13:31.064Z] [runtime-status] [15844] Checked functions.config() {"config":{}} {"metadata":{"emulator":{"name":"functions"},"function":{"name":"api"},"message":"[runtime-status] [15844] Checked functions.config() {\"config\":{}}"}}
[debug] [2020-12-28T14:13:31.065Z] [runtime-status] [15844] firebase-functions has been stubbed. {"functionsResolution":{"declared":true,"installed":true,"version":"3.11.0","resolution":"C:\\Users\\Abhishek Pandit\\react-project\\restro\\functions\\node_modules\\firebase-functions\\lib\\index.js"}} {"metadata":{"emulator":{"name":"functions"},"function":{"name":"api"},"message":"[runtime-status] [15844] firebase-functions has been stubbed. {\"functionsResolution\":{\"declared\":true,\"installed\":true,\"version\":\"3.11.0\",\"resolution\":\"C:\\\\Users\\\\Abhishek Pandit\\\\react-project\\\\restro\\\\functions\\\\node_modules\\\\firebase-functions\\\\lib\\\\index.js\"}}"}}
[debug] [2020-12-28T14:13:31.065Z] [runtime-status] [15844] Resolved module firebase-functions {"declared":true,"installed":true,"version":"3.11.0","resolution":"C:\\Users\\Abhishek Pandit\\react-project\\restro\\functions\\node_modules\\firebase-functions\\lib\\index.js"} {"metadata":{"emulator":{"name":"functions"},"function":{"name":"api"},"message":"[runtime-status] [15844] Resolved module firebase-functions {\"declared\":true,\"installed\":true,\"version\":\"3.11.0\",\"resolution\":\"C:\\\\Users\\\\Abhishek Pandit\\\\react-project\\\\restro\\\\functions\\\\node_modules\\\\firebase-functions\\\\lib\\\\index.js\"}"}}
[debug] [2020-12-28T14:13:31.066Z] [runtime-status] [15844] Resolved module firebase-admin {"declared":true,"installed":true,"version":"8.13.0","resolution":"C:\\Users\\Abhishek Pandit\\react-project\\restro\\functions\\node_modules\\firebase-admin\\lib\\index.js"} {"metadata":{"emulator":{"name":"functions"},"function":{"name":"api"},"message":"[runtime-status] [15844] Resolved module firebase-admin {\"declared\":true,\"installed\":true,\"version\":\"8.13.0\",\"resolution\":\"C:\\\\Users\\\\Abhishek Pandit\\\\react-project\\\\restro\\\\functions\\\\node_modules\\\\firebase-admin\\\\lib\\\\index.js\"}"}}
[debug] [2020-12-28T14:13:31.067Z] [runtime-status] [15844] Resolved module firebase-functions {"declared":true,"installed":true,"version":"3.11.0","resolution":"C:\\Users\\Abhishek Pandit\\react-project\\restro\\functions\\node_modules\\firebase-functions\\lib\\index.js"} {"metadata":{"emulator":{"name":"functions"},"function":{"name":"api"},"message":"[runtime-status] [15844] Resolved module firebase-functions {\"declared\":true,\"installed\":true,\"version\":\"3.11.0\",\"resolution\":\"C:\\\\Users\\\\Abhishek Pandit\\\\react-project\\\\restro\\\\functions\\\\node_modules\\\\firebase-functions\\\\lib\\\\index.js\"}"}}
[debug] [2020-12-28T14:13:31.067Z] [runtime-status] [15844] firebase-admin has been stubbed. {"adminResolution":{"declared":true,"installed":true,"version":"8.13.0","resolution":"C:\\Users\\Abhishek Pandit\\react-project\\restro\\functions\\node_modules\\firebase-admin\\lib\\index.js"}} {"metadata":{"emulator":{"name":"functions"},"function":{"name":"api"},"message":"[runtime-status] [15844] firebase-admin has been stubbed. {\"adminResolution\":{\"declared\":true,\"installed\":true,\"version\":\"8.13.0\",\"resolution\":\"C:\\\\Users\\\\Abhishek Pandit\\\\react-project\\\\restro\\\\functions\\\\node_modules\\\\firebase-admin\\\\lib\\\\index.js\"}}"}}
[debug] [2020-12-28T14:13:31.581Z] [runtime-status] [15844] Trigger "api" has been found, beginning invocation! {"metadata":{"emulator":{"name":"functions"},"function":{"name":"api"},"message":"[runtime-status] [15844] Trigger \"api\" has been found, beginning invocation!"}}
[info] i  functions: Beginning execution of "api" {"metadata":{"emulator":{"name":"functions"},"function":{"name":"api"},"message":"Beginning execution of \"api\""}}
[debug] [2020-12-28T14:13:31.582Z] [runtime-status] [15844] triggerDefinition {"httpsTrigger":{},"name":"api","entryPoint":"api"} {"metadata":{"emulator":{"name":"functions"},"function":{"name":"api"},"message":"[runtime-status] [15844] triggerDefinition {\"httpsTrigger\":{},\"name\":\"api\",\"entryPoint\":\"api\"}"}}
[debug] [2020-12-28T14:13:31.582Z] [runtime-status] [15844] Running api in mode HTTPS {"metadata":{"emulator":{"name":"functions"},"function":{"name":"api"},"message":"[runtime-status] [15844] Running api in mode HTTPS"}}
[debug] [2020-12-28T14:13:31.587Z] [runtime-status] [15844] Attempting to listen to socketPath: \\?\pipe\C:\Users\Abhishek Pandit\react-project\restro\functions\15844 {"metadata":{"emulator":{"name":"functions"},"function":{"name":"api"},"message":"[runtime-status] [15844] Attempting to listen to socketPath: \\\\?\\pipe\\C:\\Users\\Abhishek Pandit\\react-project\\restro\\functions\\15844"}}
[debug] [2020-12-28T14:13:31.589Z] [functions] Runtime ready! Sending request! {"metadata":{"emulator":{"name":"functions"},"message":"[functions] Runtime ready! Sending request!"}}
[debug] [2020-12-28T14:13:31.604Z] [runtime-status] [15844] Ephemeral server handling POST request {"metadata":{"emulator":{"name":"functions"},"function":{"name":"api"},"message":"[runtime-status] [15844] Ephemeral server handling POST request"}}
[debug] [2020-12-28T14:13:31.623Z] [runtime-status] [15844] Ephemeral server survived. {"metadata":{"emulator":{"name":"functions"},"function":{"name":"api"},"message":"[runtime-status] [15844] Ephemeral server survived."}}
[warn] !  External network resource requested!
   - URL: "https://api.razorpay.com/v1/orders"
 - Be careful, this may be a production service. {"metadata":{"emulator":{"name":"functions"},"function":{"name":"api"},"message":"External network resource requested!\n   - URL: \"https://api.razorpay.com/v1/orders\"\n - Be careful, this may be a production service."}}
[info] >  { {"user":"{","metadata":{"emulator":{"name":"functions"},"function":{"name":"api"},"message":"\u001b[90m> \u001b[39m {"}}
[info] >    id: 'order_GIUM2ExADjOav3', {"user":"  id: 'order_GIUM2ExADjOav3',","metadata":{"emulator":{"name":"functions"},"function":{"name":"api"},"message":"\u001b[90m> \u001b[39m   id: 'order_GIUM2ExADjOav3',"}}
[info] >    entity: 'order', {"user":"  entity: 'order',","metadata":{"emulator":{"name":"functions"},"function":{"name":"api"},"message":"\u001b[90m> \u001b[39m   entity: 'order',"}}
[info] >    amount: 56000, {"user":"  amount: 56000,","metadata":{"emulator":{"name":"functions"},"function":{"name":"api"},"message":"\u001b[90m> \u001b[39m   amount: 56000,"}}
[info] >    amount_paid: 0, {"user":"  amount_paid: 0,","metadata":{"emulator":{"name":"functions"},"function":{"name":"api"},"message":"\u001b[90m> \u001b[39m   amount_paid: 0,"}}
[info] >    amount_due: 56000, {"user":"  amount_due: 56000,","metadata":{"emulator":{"name":"functions"},"function":{"name":"api"},"message":"\u001b[90m> \u001b[39m   amount_due: 56000,"}}
[info] >    currency: 'INR', {"user":"  currency: 'INR',","metadata":{"emulator":{"name":"functions"},"function":{"name":"api"},"message":"\u001b[90m> \u001b[39m   currency: 'INR',"}}
[info] >    receipt: 'flr_mL9iB', {"user":"  receipt: 'flr_mL9iB',","metadata":{"emulator":{"name":"functions"},"function":{"name":"api"},"message":"\u001b[90m> \u001b[39m   receipt: 'flr_mL9iB',"}}
[info] >    offer_id: null, {"user":"  offer_id: null,","metadata":{"emulator":{"name":"functions"},"function":{"name":"api"},"message":"\u001b[90m> \u001b[39m   offer_id: null,"}}
[info] >    status: 'created', {"user":"  status: 'created',","metadata":{"emulator":{"name":"functions"},"function":{"name":"api"},"message":"\u001b[90m> \u001b[39m   status: 'created',"}}
[info] >    attempts: 0, {"user":"  attempts: 0,","metadata":{"emulator":{"name":"functions"},"function":{"name":"api"},"message":"\u001b[90m> \u001b[39m   attempts: 0,"}}
[info] >    notes: [], {"user":"  notes: [],","metadata":{"emulator":{"name":"functions"},"function":{"name":"api"},"message":"\u001b[90m> \u001b[39m   notes: [],"}}
[info] >    created_at: 1609164806 {"user":"  created_at: 1609164806","metadata":{"emulator":{"name":"functions"},"function":{"name":"api"},"message":"\u001b[90m> \u001b[39m   created_at: 1609164806"}}
[info] >  } {"user":"}","metadata":{"emulator":{"name":"functions"},"function":{"name":"api"},"message":"\u001b[90m> \u001b[39m }"}}
[info] i  functions: Finished "api" in ~1s {"metadata":{"emulator":{"name":"functions"},"function":{"name":"api"},"message":"Finished \"api\" in ~1s"}}
[debug] [2020-12-28T14:13:32.122Z] [worker-api-6e8e42b9-2d7d-4491-b486-0ac8bd745303]: IDLE {"metadata":{"emulator":{"name":"functions"},"message":"[worker-api-6e8e42b9-2d7d-4491-b486-0ac8bd745303]: IDLE"}}
[debug] [2020-12-28T14:13:32.122Z] [work-queue] {"queueLength":0,"workRunningCount":1}
[debug] [2020-12-28T14:13:48.683Z] [work-queue] {"queueLength":1,"workRunningCount":1}
[debug] [2020-12-28T14:13:48.683Z] [work-queue] {"queueLength":0,"workRunningCount":2}
[debug] [2020-12-28T14:13:48.683Z] Accepted request POST /restro-e4874/us-central1/api/razorpay?total=560 --> api
[debug] [2020-12-28T14:13:48.683Z] [worker-pool] submitWork(triggerId=api) {"metadata":{"emulator":{"name":"functions"},"message":"[worker-pool] submitWork(triggerId=api)"}}
[debug] [2020-12-28T14:13:48.683Z] [worker-api-6e8e42b9-2d7d-4491-b486-0ac8bd745303]: Assigning socketPath: \\?\pipe\C:\Users\Abhishek Pandit\react-project\restro\functions\15844 {"metadata":{"emulator":{"name":"functions"},"message":"[worker-api-6e8e42b9-2d7d-4491-b486-0ac8bd745303]: Assigning socketPath: \\\\?\\pipe\\C:\\Users\\Abhishek Pandit\\react-project\\restro\\functions\\15844"}}
[debug] [2020-12-28T14:13:48.683Z] [worker-api-6e8e42b9-2d7d-4491-b486-0ac8bd745303]: BUSY {"metadata":{"emulator":{"name":"functions"},"message":"[worker-api-6e8e42b9-2d7d-4491-b486-0ac8bd745303]: BUSY"}}
[debug] [2020-12-28T14:13:48.684Z] [runtime-status] [15844] Trigger "api" has been found, beginning invocation! {"metadata":{"emulator":{"name":"functions"},"function":{"name":"api"},"message":"[runtime-status] [15844] Trigger \"api\" has been found, beginning invocation!"}}
[info] i  functions: Beginning execution of "api" {"metadata":{"emulator":{"name":"functions"},"function":{"name":"api"},"message":"Beginning execution of \"api\""}}
[debug] [2020-12-28T14:13:48.685Z] [runtime-status] [15844] triggerDefinition {"httpsTrigger":{},"name":"api","entryPoint":"api"} {"metadata":{"emulator":{"name":"functions"},"function":{"name":"api"},"message":"[runtime-status] [15844] triggerDefinition {\"httpsTrigger\":{},\"name\":\"api\",\"entryPoint\":\"api\"}"}}
[debug] [2020-12-28T14:13:48.686Z] [runtime-status] [15844] Running api in mode HTTPS {"metadata":{"emulator":{"name":"functions"},"function":{"name":"api"},"message":"[runtime-status] [15844] Running api in mode HTTPS"}}
[debug] [2020-12-28T14:13:48.686Z] [runtime-status] [15844] Attempting to listen to socketPath: \\?\pipe\C:\Users\Abhishek Pandit\react-project\restro\functions\15844 {"metadata":{"emulator":{"name":"functions"},"function":{"name":"api"},"message":"[runtime-status] [15844] Attempting to listen to socketPath: \\\\?\\pipe\\C:\\Users\\Abhishek Pandit\\react-project\\restro\\functions\\15844"}}
[debug] [2020-12-28T14:13:48.687Z] [functions] Runtime ready! Sending request! {"metadata":{"emulator":{"name":"functions"},"message":"[functions] Runtime ready! Sending request!"}}
[debug] [2020-12-28T14:13:48.692Z] [runtime-status] [15844] Ephemeral server handling POST request {"metadata":{"emulator":{"name":"functions"},"function":{"name":"api"},"message":"[runtime-status] [15844] Ephemeral server handling POST request"}}
[debug] [2020-12-28T14:13:48.695Z] [runtime-status] [15844] Ephemeral server survived. {"metadata":{"emulator":{"name":"functions"},"function":{"name":"api"},"message":"[runtime-status] [15844] Ephemeral server survived."}}
[info] >  { {"user":"{","metadata":{"emulator":{"name":"functions"},"function":{"name":"api"},"message":"\u001b[90m> \u001b[39m {"}}
[info] >    id: 'order_GIUMKy4PzLMrNi', {"user":"  id: 'order_GIUMKy4PzLMrNi',","metadata":{"emulator":{"name":"functions"},"function":{"name":"api"},"message":"\u001b[90m> \u001b[39m   id: 'order_GIUMKy4PzLMrNi',"}}
[info] >    entity: 'order', {"user":"  entity: 'order',","metadata":{"emulator":{"name":"functions"},"function":{"name":"api"},"message":"\u001b[90m> \u001b[39m   entity: 'order',"}}
[info] >    amount: 56000, {"user":"  amount: 56000,","metadata":{"emulator":{"name":"functions"},"function":{"name":"api"},"message":"\u001b[90m> \u001b[39m   amount: 56000,"}}
[info] >    amount_paid: 0, {"user":"  amount_paid: 0,","metadata":{"emulator":{"name":"functions"},"function":{"name":"api"},"message":"\u001b[90m> \u001b[39m   amount_paid: 0,"}}
[info] >    amount_due: 56000, {"user":"  amount_due: 56000,","metadata":{"emulator":{"name":"functions"},"function":{"name":"api"},"message":"\u001b[90m> \u001b[39m   amount_due: 56000,"}}
[info] >    currency: 'INR', {"user":"  currency: 'INR',","metadata":{"emulator":{"name":"functions"},"function":{"name":"api"},"message":"\u001b[90m> \u001b[39m   currency: 'INR',"}}
[info] >    receipt: 'bLWl9o2-p', {"user":"  receipt: 'bLWl9o2-p',","metadata":{"emulator":{"name":"functions"},"function":{"name":"api"},"message":"\u001b[90m> \u001b[39m   receipt: 'bLWl9o2-p',"}}
[info] >    offer_id: null, {"user":"  offer_id: null,","metadata":{"emulator":{"name":"functions"},"function":{"name":"api"},"message":"\u001b[90m> \u001b[39m   offer_id: null,"}}
[info] >    status: 'created', {"user":"  status: 'created',","metadata":{"emulator":{"name":"functions"},"function":{"name":"api"},"message":"\u001b[90m> \u001b[39m   status: 'created',"}}
[info] >    attempts: 0, {"user":"  attempts: 0,","metadata":{"emulator":{"name":"functions"},"function":{"name":"api"},"message":"\u001b[90m> \u001b[39m   attempts: 0,"}}
[info] >    notes: [], {"user":"  notes: [],","metadata":{"emulator":{"name":"functions"},"function":{"name":"api"},"message":"\u001b[90m> \u001b[39m   notes: [],"}}
[info] >    created_at: 1609164823 {"user":"  created_at: 1609164823","metadata":{"emulator":{"name":"functions"},"function":{"name":"api"},"message":"\u001b[90m> \u001b[39m   created_at: 1609164823"}}
[info] >  } {"user":"}","metadata":{"emulator":{"name":"functions"},"function":{"name":"api"},"message":"\u001b[90m> \u001b[39m }"}}
[info] i  functions: Finished "api" in ~1s {"metadata":{"emulator":{"name":"functions"},"function":{"name":"api"},"message":"Finished \"api\" in ~1s"}}
[debug] [2020-12-28T14:13:49.287Z] [worker-api-6e8e42b9-2d7d-4491-b486-0ac8bd745303]: IDLE {"metadata":{"emulator":{"name":"functions"},"message":"[worker-api-6e8e42b9-2d7d-4491-b486-0ac8bd745303]: IDLE"}}
[debug] [2020-12-28T14:13:49.287Z] [work-queue] {"queueLength":0,"workRunningCount":1}
[warn] !  functions: Your function timed out after ~60s. To configure this timeout, see
      https://firebase.google.com/docs/functions/manage-functions#set_timeout_and_memory_allocation. {"metadata":{"emulator":{"name":"functions"},"function":{"name":"api"},"message":"Your function timed out after ~60s. To configure this timeout, see\n      https://firebase.google.com/docs/functions/manage-functions#set_timeout_and_memory_allocation."}}
[info] >  C:\Users\Abhishek Pandit\AppData\Roaming\npm\node_modules\firebase-tools\lib\emulator\functionsEmulatorRuntime.js:642 {"user":"C:\\Users\\Abhishek Pandit\\AppData\\Roaming\\npm\\node_modules\\firebase-tools\\lib\\emulator\\functionsEmulatorRuntime.js:642\r","metadata":{"emulator":{"name":"functions"},"function":{"name":"api"},"message":"\u001b[90m> \u001b[39m C:\\Users\\Abhishek Pandit\\AppData\\Roaming\\npm\\node_modules\\firebase-tools\\lib\\emulator\\functionsEmulatorRuntime.js:642\r"}}
[info] >                  throw new Error("Function timed out."); {"user":"                throw new Error(\"Function timed out.\");\r","metadata":{"emulator":{"name":"functions"},"function":{"name":"api"},"message":"\u001b[90m> \u001b[39m                 throw new Error(\"Function timed out.\");\r"}}
[info] >                  ^ {"user":"                ^\r","metadata":{"emulator":{"name":"functions"},"function":{"name":"api"},"message":"\u001b[90m> \u001b[39m                 ^\r"}}
[info] >   {"user":"\r","metadata":{"emulator":{"name":"functions"},"function":{"name":"api"},"message":"\u001b[90m> \u001b[39m \r"}}
[info] >  Error: Function timed out. {"user":"Error: Function timed out.\r","metadata":{"emulator":{"name":"functions"},"function":{"name":"api"},"message":"\u001b[90m> \u001b[39m Error: Function timed out.\r"}}
[info] >      at Timeout._onTimeout (C:\Users\Abhishek Pandit\AppData\Roaming\npm\node_modules\firebase-tools\lib\emulator\functionsEmulatorRuntime.js:642:23) {"user":"    at Timeout._onTimeout (C:\\Users\\Abhishek Pandit\\AppData\\Roaming\\npm\\node_modules\\firebase-tools\\lib\\emulator\\functionsEmulatorRuntime.js:642:23)\r","metadata":{"emulator":{"name":"functions"},"function":{"name":"api"},"message":"\u001b[90m> \u001b[39m     at Timeout._onTimeout (C:\\Users\\Abhishek Pandit\\AppData\\Roaming\\npm\\node_modules\\firebase-tools\\lib\\emulator\\functionsEmulatorRuntime.js:642:23)\r"}}
[info] >      at listOnTimeout (internal/timers.js:551:17) {"user":"    at listOnTimeout (internal/timers.js:551:17)\r","metadata":{"emulator":{"name":"functions"},"function":{"name":"api"},"message":"\u001b[90m> \u001b[39m     at listOnTimeout (internal/timers.js:551:17)\r"}}
[info] >      at processTimers (internal/timers.js:494:7) {"user":"    at processTimers (internal/timers.js:494:7)\r","metadata":{"emulator":{"name":"functions"},"function":{"name":"api"},"message":"\u001b[90m> \u001b[39m     at processTimers (internal/timers.js:494:7)\r"}}
[debug] [2020-12-28T14:14:13.188Z] [worker-api-12cd18d0-b95b-436e-9eea-170395dbe34c]: exited {"metadata":{"emulator":{"name":"functions"},"message":"[worker-api-12cd18d0-b95b-436e-9eea-170395dbe34c]: exited"}}
[debug] [2020-12-28T14:14:13.189Z] [worker-api-12cd18d0-b95b-436e-9eea-170395dbe34c]: FINISHED {"metadata":{"emulator":{"name":"functions"},"message":"[worker-api-12cd18d0-b95b-436e-9eea-170395dbe34c]: FINISHED"}}
[debug] [2020-12-28T14:14:13.189Z] [work-queue] {"queueLength":0,"workRunningCount":0}
[debug] [2020-12-28T14:14:52.181Z] [work-queue] {"queueLength":1,"workRunningCount":0}
[debug] [2020-12-28T14:14:52.181Z] [work-queue] {"queueLength":0,"workRunningCount":1}
[debug] [2020-12-28T14:14:52.181Z] Accepted request POST /restro-e4874/us-central1/api/razorpay?total=680 --> api
[debug] [2020-12-28T14:14:52.182Z] [worker-pool] Cleaned up workers for api: 2 --> 1 {"metadata":{"emulator":{"name":"functions"},"message":"[worker-pool] Cleaned up workers for api: 2 --> 1"}}
[debug] [2020-12-28T14:14:52.182Z] [worker-pool] submitWork(triggerId=api) {"metadata":{"emulator":{"name":"functions"},"message":"[worker-pool] submitWork(triggerId=api)"}}
[debug] [2020-12-28T14:14:52.182Z] [worker-api-6e8e42b9-2d7d-4491-b486-0ac8bd745303]: Assigning socketPath: \\?\pipe\C:\Users\Abhishek Pandit\react-project\restro\functions\15844 {"metadata":{"emulator":{"name":"functions"},"message":"[worker-api-6e8e42b9-2d7d-4491-b486-0ac8bd745303]: Assigning socketPath: \\\\?\\pipe\\C:\\Users\\Abhishek Pandit\\react-project\\restro\\functions\\15844"}}
[debug] [2020-12-28T14:14:52.182Z] [worker-api-6e8e42b9-2d7d-4491-b486-0ac8bd745303]: BUSY {"metadata":{"emulator":{"name":"functions"},"message":"[worker-api-6e8e42b9-2d7d-4491-b486-0ac8bd745303]: BUSY"}}
[debug] [2020-12-28T14:14:52.184Z] [runtime-status] [15844] Trigger "api" has been found, beginning invocation! {"metadata":{"emulator":{"name":"functions"},"function":{"name":"api"},"message":"[runtime-status] [15844] Trigger \"api\" has been found, beginning invocation!"}}
[info] i  functions: Beginning execution of "api" {"metadata":{"emulator":{"name":"functions"},"function":{"name":"api"},"message":"Beginning execution of \"api\""}}
[debug] [2020-12-28T14:14:52.187Z] [runtime-status] [15844] triggerDefinition {"httpsTrigger":{},"name":"api","entryPoint":"api"} {"metadata":{"emulator":{"name":"functions"},"function":{"name":"api"},"message":"[runtime-status] [15844] triggerDefinition {\"httpsTrigger\":{},\"name\":\"api\",\"entryPoint\":\"api\"}"}}
[debug] [2020-12-28T14:14:52.187Z] [runtime-status] [15844] Running api in mode HTTPS {"metadata":{"emulator":{"name":"functions"},"function":{"name":"api"},"message":"[runtime-status] [15844] Running api in mode HTTPS"}}
[debug] [2020-12-28T14:14:52.188Z] [runtime-status] [15844] Attempting to listen to socketPath: \\?\pipe\C:\Users\Abhishek Pandit\react-project\restro\functions\15844 {"metadata":{"emulator":{"name":"functions"},"function":{"name":"api"},"message":"[runtime-status] [15844] Attempting to listen to socketPath: \\\\?\\pipe\\C:\\Users\\Abhishek Pandit\\react-project\\restro\\functions\\15844"}}
[debug] [2020-12-28T14:14:52.190Z] [functions] Runtime ready! Sending request! {"metadata":{"emulator":{"name":"functions"},"message":"[functions] Runtime ready! Sending request!"}}
[debug] [2020-12-28T14:14:52.193Z] [runtime-status] [15844] Ephemeral server handling POST request {"metadata":{"emulator":{"name":"functions"},"function":{"name":"api"},"message":"[runtime-status] [15844] Ephemeral server handling POST request"}}
[debug] [2020-12-28T14:14:52.194Z] [runtime-status] [15844] Ephemeral server survived. {"metadata":{"emulator":{"name":"functions"},"function":{"name":"api"},"message":"[runtime-status] [15844] Ephemeral server survived."}}
[info] >  { {"user":"{","metadata":{"emulator":{"name":"functions"},"function":{"name":"api"},"message":"\u001b[90m> \u001b[39m {"}}
[info] >    id: 'order_GIUNSLFrgaFEzV', {"user":"  id: 'order_GIUNSLFrgaFEzV',","metadata":{"emulator":{"name":"functions"},"function":{"name":"api"},"message":"\u001b[90m> \u001b[39m   id: 'order_GIUNSLFrgaFEzV',"}}
[info] >    entity: 'order', {"user":"  entity: 'order',","metadata":{"emulator":{"name":"functions"},"function":{"name":"api"},"message":"\u001b[90m> \u001b[39m   entity: 'order',"}}
[info] >    amount: 68000, {"user":"  amount: 68000,","metadata":{"emulator":{"name":"functions"},"function":{"name":"api"},"message":"\u001b[90m> \u001b[39m   amount: 68000,"}}
[info] >    amount_paid: 0, {"user":"  amount_paid: 0,","metadata":{"emulator":{"name":"functions"},"function":{"name":"api"},"message":"\u001b[90m> \u001b[39m   amount_paid: 0,"}}
[info] >    amount_due: 68000, {"user":"  amount_due: 68000,","metadata":{"emulator":{"name":"functions"},"function":{"name":"api"},"message":"\u001b[90m> \u001b[39m   amount_due: 68000,"}}
[info] >    currency: 'INR', {"user":"  currency: 'INR',","metadata":{"emulator":{"name":"functions"},"function":{"name":"api"},"message":"\u001b[90m> \u001b[39m   currency: 'INR',"}}
[info] >    receipt: 'SVsxJm_D5', {"user":"  receipt: 'SVsxJm_D5',","metadata":{"emulator":{"name":"functions"},"function":{"name":"api"},"message":"\u001b[90m> \u001b[39m   receipt: 'SVsxJm_D5',"}}
[info] >    offer_id: null, {"user":"  offer_id: null,","metadata":{"emulator":{"name":"functions"},"function":{"name":"api"},"message":"\u001b[90m> \u001b[39m   offer_id: null,"}}
[info] >    status: 'created', {"user":"  status: 'created',","metadata":{"emulator":{"name":"functions"},"function":{"name":"api"},"message":"\u001b[90m> \u001b[39m   status: 'created',"}}
[info] >    attempts: 0, {"user":"  attempts: 0,","metadata":{"emulator":{"name":"functions"},"function":{"name":"api"},"message":"\u001b[90m> \u001b[39m   attempts: 0,"}}
[info] >    notes: [], {"user":"  notes: [],","metadata":{"emulator":{"name":"functions"},"function":{"name":"api"},"message":"\u001b[90m> \u001b[39m   notes: [],"}}
[info] >    created_at: 1609164887 {"user":"  created_at: 1609164887","metadata":{"emulator":{"name":"functions"},"function":{"name":"api"},"message":"\u001b[90m> \u001b[39m   created_at: 1609164887"}}
[info] >  } {"user":"}","metadata":{"emulator":{"name":"functions"},"function":{"name":"api"},"message":"\u001b[90m> \u001b[39m }"}}
[info] i  functions: Finished "api" in ~1s {"metadata":{"emulator":{"name":"functions"},"function":{"name":"api"},"message":"Finished \"api\" in ~1s"}}
[debug] [2020-12-28T14:14:52.843Z] [worker-api-6e8e42b9-2d7d-4491-b486-0ac8bd745303]: IDLE {"metadata":{"emulator":{"name":"functions"},"message":"[worker-api-6e8e42b9-2d7d-4491-b486-0ac8bd745303]: IDLE"}}
[debug] [2020-12-28T14:14:52.844Z] [work-queue] {"queueLength":0,"workRunningCount":0}
[debug] [2020-12-28T15:05:57.824Z] [work-queue] {"queueLength":1,"workRunningCount":0}
[debug] [2020-12-28T15:05:57.835Z] [work-queue] {"queueLength":0,"workRunningCount":1}
[debug] [2020-12-28T15:05:57.836Z] Accepted request POST /restro-e4874/us-central1/api/razorpay?total=300 --> api
[debug] [2020-12-28T15:05:57.838Z] [worker-pool] submitWork(triggerId=api) {"metadata":{"emulator":{"name":"functions"},"message":"[worker-pool] submitWork(triggerId=api)"}}
[debug] [2020-12-28T15:05:57.841Z] [worker-api-6e8e42b9-2d7d-4491-b486-0ac8bd745303]: Assigning socketPath: \\?\pipe\C:\Users\Abhishek Pandit\react-project\restro\functions\15844 {"metadata":{"emulator":{"name":"functions"},"message":"[worker-api-6e8e42b9-2d7d-4491-b486-0ac8bd745303]: Assigning socketPath: \\\\?\\pipe\\C:\\Users\\Abhishek Pandit\\react-project\\restro\\functions\\15844"}}
[debug] [2020-12-28T15:05:57.842Z] [worker-api-6e8e42b9-2d7d-4491-b486-0ac8bd745303]: BUSY {"metadata":{"emulator":{"name":"functions"},"message":"[worker-api-6e8e42b9-2d7d-4491-b486-0ac8bd745303]: BUSY"}}
[debug] [2020-12-28T15:05:58.166Z] [runtime-status] [15844] Trigger "api" has been found, beginning invocation! {"metadata":{"emulator":{"name":"functions"},"function":{"name":"api"},"message":"[runtime-status] [15844] Trigger \"api\" has been found, beginning invocation!"}}
[info] i  functions: Beginning execution of "api" {"metadata":{"emulator":{"name":"functions"},"function":{"name":"api"},"message":"Beginning execution of \"api\""}}
[debug] [2020-12-28T15:05:58.194Z] [runtime-status] [15844] triggerDefinition {"httpsTrigger":{},"name":"api","entryPoint":"api"} {"metadata":{"emulator":{"name":"functions"},"function":{"name":"api"},"message":"[runtime-status] [15844] triggerDefinition {\"httpsTrigger\":{},\"name\":\"api\",\"entryPoint\":\"api\"}"}}
[debug] [2020-12-28T15:05:58.229Z] [runtime-status] [15844] Running api in mode HTTPS {"metadata":{"emulator":{"name":"functions"},"function":{"name":"api"},"message":"[runtime-status] [15844] Running api in mode HTTPS"}}
[debug] [2020-12-28T15:05:58.307Z] [runtime-status] [15844] Attempting to listen to socketPath: \\?\pipe\C:\Users\Abhishek Pandit\react-project\restro\functions\15844 {"metadata":{"emulator":{"name":"functions"},"function":{"name":"api"},"message":"[runtime-status] [15844] Attempting to listen to socketPath: \\\\?\\pipe\\C:\\Users\\Abhishek Pandit\\react-project\\restro\\functions\\15844"}}
[debug] [2020-12-28T15:05:58.395Z] [functions] Runtime ready! Sending request! {"metadata":{"emulator":{"name":"functions"},"message":"[functions] Runtime ready! Sending request!"}}
[debug] [2020-12-28T15:05:58.459Z] [runtime-status] [15844] Ephemeral server handling POST request {"metadata":{"emulator":{"name":"functions"},"function":{"name":"api"},"message":"[runtime-status] [15844] Ephemeral server handling POST request"}}
[debug] [2020-12-28T15:05:58.469Z] [runtime-status] [15844] Ephemeral server survived. {"metadata":{"emulator":{"name":"functions"},"function":{"name":"api"},"message":"[runtime-status] [15844] Ephemeral server survived."}}
[info] >  { {"user":"{","metadata":{"emulator":{"name":"functions"},"function":{"name":"api"},"message":"\u001b[90m> \u001b[39m {"}}
[info] >    id: 'order_GIVFRIjiWzulzX', {"user":"  id: 'order_GIVFRIjiWzulzX',","metadata":{"emulator":{"name":"functions"},"function":{"name":"api"},"message":"\u001b[90m> \u001b[39m   id: 'order_GIVFRIjiWzulzX',"}}
[info] >    entity: 'order', {"user":"  entity: 'order',","metadata":{"emulator":{"name":"functions"},"function":{"name":"api"},"message":"\u001b[90m> \u001b[39m   entity: 'order',"}}
[info] >    amount: 30000, {"user":"  amount: 30000,","metadata":{"emulator":{"name":"functions"},"function":{"name":"api"},"message":"\u001b[90m> \u001b[39m   amount: 30000,"}}
[info] >    amount_paid: 0, {"user":"  amount_paid: 0,","metadata":{"emulator":{"name":"functions"},"function":{"name":"api"},"message":"\u001b[90m> \u001b[39m   amount_paid: 0,"}}
[info] >    amount_due: 30000, {"user":"  amount_due: 30000,","metadata":{"emulator":{"name":"functions"},"function":{"name":"api"},"message":"\u001b[90m> \u001b[39m   amount_due: 30000,"}}
[info] >    currency: 'INR', {"user":"  currency: 'INR',","metadata":{"emulator":{"name":"functions"},"function":{"name":"api"},"message":"\u001b[90m> \u001b[39m   currency: 'INR',"}}
[info] >    receipt: 'p_8tCm52z', {"user":"  receipt: 'p_8tCm52z',","metadata":{"emulator":{"name":"functions"},"function":{"name":"api"},"message":"\u001b[90m> \u001b[39m   receipt: 'p_8tCm52z',"}}
[info] >    offer_id: null, {"user":"  offer_id: null,","metadata":{"emulator":{"name":"functions"},"function":{"name":"api"},"message":"\u001b[90m> \u001b[39m   offer_id: null,"}}
[info] >    status: 'created', {"user":"  status: 'created',","metadata":{"emulator":{"name":"functions"},"function":{"name":"api"},"message":"\u001b[90m> \u001b[39m   status: 'created',"}}
[info] >    attempts: 0, {"user":"  attempts: 0,","metadata":{"emulator":{"name":"functions"},"function":{"name":"api"},"message":"\u001b[90m> \u001b[39m   attempts: 0,"}}
[info] >    notes: [], {"user":"  notes: [],","metadata":{"emulator":{"name":"functions"},"function":{"name":"api"},"message":"\u001b[90m> \u001b[39m   notes: [],"}}
[info] >    created_at: 1609167953 {"user":"  created_at: 1609167953","metadata":{"emulator":{"name":"functions"},"function":{"name":"api"},"message":"\u001b[90m> \u001b[39m   created_at: 1609167953"}}
[info] >  } {"user":"}","metadata":{"emulator":{"name":"functions"},"function":{"name":"api"},"message":"\u001b[90m> \u001b[39m }"}}
[info] i  functions: Finished "api" in ~1s {"metadata":{"emulator":{"name":"functions"},"function":{"name":"api"},"message":"Finished \"api\" in ~1s"}}
[debug] [2020-12-28T15:05:59.159Z] [worker-api-6e8e42b9-2d7d-4491-b486-0ac8bd745303]: IDLE {"metadata":{"emulator":{"name":"functions"},"message":"[worker-api-6e8e42b9-2d7d-4491-b486-0ac8bd745303]: IDLE"}}
[debug] [2020-12-28T15:05:59.160Z] [work-queue] {"queueLength":0,"workRunningCount":0}
